INFO:werkzeug: * Running on http://127.0.0.1:3444/ (Press CTRL+C to quit)
INFO:werkzeug: * Restarting with stat
WARNING:werkzeug: * Debugger is active!
INFO:werkzeug: * Debugger PIN: 742-831-958
INFO:werkzeug: * Running on http://127.0.0.1:3444/ (Press CTRL+C to quit)
INFO:werkzeug: * Restarting with stat
WARNING:werkzeug: * Debugger is active!
INFO:werkzeug: * Debugger PIN: 742-831-958
INFO:werkzeug:127.0.0.1 - - [28/Jan/2023 23:00:16] "POST /api/v1/graph/suggestion HTTP/1.1" 200 -
INFO:werkzeug:127.0.0.1 - - [28/Jan/2023 23:00:24] "[35m[1mPOST /api/v1/auth/login HTTP/1.1[0m" 500 -
INFO:werkzeug:127.0.0.1 - - [28/Jan/2023 23:00:46] "POST /api/v1/auth/register HTTP/1.1" 200 -
INFO:app:TEST logged in successfully
INFO:werkzeug:127.0.0.1 - - [28/Jan/2023 23:00:49] "POST /api/v1/auth/login HTTP/1.1" 200 -
INFO:werkzeug: * Detected change in '/home/daniel/Documents/CS/CodeCompetitons/MTH/server/api_auth.py', reloading
INFO:werkzeug: * Restarting with stat
WARNING:werkzeug: * Debugger is active!
INFO:werkzeug: * Debugger PIN: 742-831-958
INFO:werkzeug: * Detected change in '/home/daniel/Documents/CS/CodeCompetitons/MTH/server/api_auth.py', reloading
INFO:werkzeug: * Restarting with stat
WARNING:werkzeug: * Debugger is active!
INFO:werkzeug: * Debugger PIN: 742-831-958
INFO:werkzeug: * Detected change in '/home/daniel/Documents/CS/CodeCompetitons/MTH/server/api_auth.py', reloading
INFO:werkzeug: * Restarting with stat
WARNING:werkzeug: * Debugger is active!
INFO:werkzeug: * Debugger PIN: 742-831-958
INFO:werkzeug: * Detected change in '/home/daniel/Documents/CS/CodeCompetitons/MTH/server/api_auth.py', reloading
INFO:werkzeug: * Restarting with stat
WARNING:werkzeug: * Debugger is active!
INFO:werkzeug: * Debugger PIN: 742-831-958
INFO:werkzeug: * Detected change in '/home/daniel/Documents/CS/CodeCompetitons/MTH/server/db.py', reloading
INFO:werkzeug: * Restarting with stat
WARNING:werkzeug: * Debugger is active!
INFO:werkzeug: * Debugger PIN: 742-831-958
INFO:werkzeug: * Detected change in '/home/daniel/Documents/CS/CodeCompetitons/MTH/server/db.py', reloading
INFO:werkzeug: * Restarting with stat
WARNING:werkzeug: * Debugger is active!
INFO:werkzeug: * Debugger PIN: 742-831-958
INFO:werkzeug: * Detected change in '/home/daniel/Documents/CS/CodeCompetitons/MTH/server/db.py', reloading
INFO:werkzeug: * Restarting with stat
WARNING:werkzeug: * Debugger is active!
INFO:werkzeug: * Debugger PIN: 742-831-958
INFO:werkzeug: * Detected change in '/home/daniel/Documents/CS/CodeCompetitons/MTH/server/db.py', reloading
INFO:werkzeug: * Restarting with stat
INFO:werkzeug: * Running on http://127.0.0.1:3444/ (Press CTRL+C to quit)
INFO:werkzeug: * Restarting with stat
WARNING:werkzeug: * Debugger is active!
INFO:werkzeug: * Debugger PIN: 742-831-958
INFO:app:TEST logged in successfully
INFO:werkzeug:127.0.0.1 - - [28/Jan/2023 23:31:28] "POST /api/v1/auth/login HTTP/1.1" 200 -
INFO:werkzeug: * Detected change in '/home/daniel/Documents/CS/CodeCompetitons/MTH/server/api_auth.py', reloading
INFO:werkzeug: * Restarting with stat
WARNING:werkzeug: * Debugger is active!
INFO:werkzeug: * Debugger PIN: 742-831-958
INFO:werkzeug: * Detected change in '/home/daniel/Documents/CS/CodeCompetitons/MTH/server/app.py', reloading
INFO:werkzeug: * Restarting with stat
WARNING:werkzeug: * Debugger is active!
INFO:werkzeug: * Debugger PIN: 742-831-958
INFO:werkzeug: * Detected change in '/home/daniel/Documents/CS/CodeCompetitons/MTH/server/app.py', reloading
INFO:werkzeug: * Restarting with stat
WARNING:werkzeug: * Debugger is active!
INFO:werkzeug: * Debugger PIN: 742-831-958
INFO:werkzeug: * Detected change in '/home/daniel/Documents/CS/CodeCompetitons/MTH/server/api_graph.py', reloading
INFO:werkzeug: * Restarting with stat
WARNING:werkzeug: * Debugger is active!
INFO:werkzeug: * Debugger PIN: 742-831-958
INFO:werkzeug: * Detected change in '/home/daniel/Documents/CS/CodeCompetitons/MTH/server/api_graph.py', reloading
INFO:werkzeug: * Restarting with stat
WARNING:werkzeug: * Debugger is active!
INFO:werkzeug: * Debugger PIN: 742-831-958
INFO:werkzeug: * Detected change in '/home/daniel/Documents/CS/CodeCompetitons/MTH/server/api_graph.py', reloading
INFO:werkzeug: * Restarting with stat
WARNING:werkzeug: * Debugger is active!
INFO:werkzeug: * Debugger PIN: 742-831-958
INFO:werkzeug: * Detected change in '/home/daniel/Documents/CS/CodeCompetitons/MTH/server/api_graph.py', reloading
INFO:werkzeug: * Restarting with stat
WARNING:werkzeug: * Debugger is active!
INFO:werkzeug: * Debugger PIN: 742-831-958
INFO:werkzeug: * Detected change in '/home/daniel/Documents/CS/CodeCompetitons/MTH/server/api_graph.py', reloading
INFO:werkzeug: * Restarting with stat
INFO:werkzeug: * Running on http://127.0.0.1:3444/ (Press CTRL+C to quit)
INFO:werkzeug: * Restarting with stat
WARNING:werkzeug: * Debugger is active!
INFO:werkzeug: * Debugger PIN: 742-831-958
INFO:werkzeug: * Detected change in '/home/daniel/Documents/CS/CodeCompetitons/MTH/server/api_graph.py', reloading
INFO:werkzeug: * Restarting with stat
WARNING:werkzeug: * Debugger is active!
INFO:werkzeug: * Debugger PIN: 742-831-958
INFO:werkzeug: * Detected change in '/home/daniel/Documents/CS/CodeCompetitons/MTH/server/api_graph.py', reloading
INFO:werkzeug: * Restarting with stat
